# JRE version: OpenJDK Runtime Environment (7.0_51) (build 1.7.0_51-b00)
# Java VM: OpenJDK 64-Bit Server VM (24.45-b08 mixed mode linux-amd64 compressed oops)
Heap
 PSYoungGen      total 219136K, used 104416K [0x00000000ebf00000, 0x0000000100000000, 0x0000000100000000)
  eden space 109568K, 0% used [0x00000000ebf00000,0x00000000ebf00000,0x00000000f2a00000)
  from space 109568K, 95% used [0x00000000f2a00000,0x00000000f8ff8000,0x00000000f9500000)
  to   space 109568K, 0% used [0x00000000f9500000,0x00000000f9500000,0x0000000100000000)
 ParOldGen       total 513536K, used 513111K [0x00000000c3e00000, 0x00000000e3380000, 0x00000000ebf00000)
  object space 513536K, 99% used [0x00000000c3e00000,0x00000000e3315f08,0x00000000e3380000)
 PSPermGen       total 21504K, used 2750K [0x00000000b9800000, 0x00000000bad00000, 0x00000000c3e00000)
  object space 21504K, 12% used [0x00000000b9800000,0x00000000b9aaf858,0x00000000bad00000)
GC Heap History (10 events):
Event: 0,682 GC heap after
Heap after GC invocations=13 (full 5):
 PSYoungGen      total 194560K, used 84704K [0x00000000ebf00000, 0x00000000ff880000, 0x0000000100000000)
  eden space 93696K, 0% used [0x00000000ebf00000,0x00000000ebf00000,0x00000000f1a80000)
  from space 100864K, 83% used [0x00000000f8580000,0x00000000fd838000,0x00000000fe800000)
  to   space 109568K, 0% used [0x00000000f1a80000,0x00000000f1a80000,0x00000000f8580000)
 ParOldGen       total 359424K, used 237923K [0x00000000c3e00000, 0x00000000d9d00000, 0x00000000ebf00000)
  object space 359424K, 66% used [0x00000000c3e00000,0x00000000d2658cb8,0x00000000d9d00000)
 PSPermGen       total 21504K, used 2750K [0x00000000b9800000, 0x00000000bad00000, 0x00000000c3e00000)
  object space 21504K, 12% used [0x00000000b9800000,0x00000000b9aaf858,0x00000000bad00000)
}
Event: 0,706 GC heap before
{Heap before GC invocations=14 (full 5):
 PSYoungGen      total 194560K, used 178400K [0x00000000ebf00000, 0x00000000ff880000, 0x0000000100000000)
  eden space 93696K, 100% used [0x00000000ebf00000,0x00000000f1a80000,0x00000000f1a80000)
  from space 100864K, 83% used [0x00000000f8580000,0x00000000fd838000,0x00000000fe800000)
  to   space 109568K, 0% used [0x00000000f1a80000,0x00000000f1a80000,0x00000000f8580000)
 ParOldGen       total 359424K, used 237923K [0x00000000c3e00000, 0x00000000d9d00000, 0x00000000ebf00000)
  object space 359424K, 66% used [0x00000000c3e00000,0x00000000d2658cb8,0x00000000d9d00000)
 PSPermGen       total 21504K, used 2750K [0x00000000b9800000, 0x00000000bad00000, 0x00000000c3e00000)
  object space 21504K, 12% used [0x00000000b9800000,0x00000000b9aaf858,0x00000000bad00000)
Event: 5,404 GC heap after
Heap after GC invocations=14 (full 5):
 PSYoungGen      total 203264K, used 109542K [0x00000000ebf00000, 0x0000000100000000, 0x0000000100000000)
  eden space 93696K, 0% used [0x00000000ebf00000,0x00000000ebf00000,0x00000000f1a80000)
  from space 109568K, 99% used [0x00000000f1a80000,0x00000000f8579a90,0x00000000f8580000)
  to   space 109568K, 0% used [0x00000000f9500000,0x00000000f9500000,0x0000000100000000)
 ParOldGen       total 359424K, used 308515K [0x00000000c3e00000, 0x00000000d9d00000, 0x00000000ebf00000)
  object space 359424K, 85% used [0x00000000c3e00000,0x00000000d6b48cb8,0x00000000d9d00000)
 PSPermGen       total 21504K, used 2750K [0x00000000b9800000, 0x00000000bad00000, 0x00000000c3e00000)
  object space 21504K, 12% used [0x00000000b9800000,0x00000000b9aaf858,0x00000000bad00000)
}
Event: 5,404 GC heap before
{Heap before GC invocations=15 (full 6):
 PSYoungGen      total 203264K, used 109542K [0x00000000ebf00000, 0x0000000100000000, 0x0000000100000000)
  eden space 93696K, 0% used [0x00000000ebf00000,0x00000000ebf00000,0x00000000f1a80000)
  from space 109568K, 99% used [0x00000000f1a80000,0x00000000f8579a90,0x00000000f8580000)
  to   space 109568K, 0% used [0x00000000f9500000,0x00000000f9500000,0x0000000100000000)
 ParOldGen       total 359424K, used 308515K [0x00000000c3e00000, 0x00000000d9d00000, 0x00000000ebf00000)
  object space 359424K, 85% used [0x00000000c3e00000,0x00000000d6b48cb8,0x00000000d9d00000)
 PSPermGen       total 21504K, used 2750K [0x00000000b9800000, 0x00000000bad00000, 0x00000000c3e00000)
  object space 21504K, 12% used [0x00000000b9800000,0x00000000b9aaf858,0x00000000bad00000)
Event: 5,757 GC heap after
Heap after GC invocations=15 (full 6):
 PSYoungGen      total 203264K, used 55192K [0x00000000ebf00000, 0x0000000100000000, 0x0000000100000000)
  eden space 93696K, 0% used [0x00000000ebf00000,0x00000000ebf00000,0x00000000f1a80000)
  from space 109568K, 50% used [0x00000000f1a80000,0x00000000f5066230,0x00000000f8580000)
  to   space 109568K, 0% used [0x00000000f9500000,0x00000000f9500000,0x0000000100000000)
 ParOldGen       total 499712K, used 359350K [0x00000000c3e00000, 0x00000000e2600000, 0x00000000ebf00000)
  object space 499712K, 71% used [0x00000000c3e00000,0x00000000d9cedae8,0x00000000e2600000)
 PSPermGen       total 21504K, used 2750K [0x00000000b9800000, 0x00000000bad00000, 0x00000000c3e00000)
  object space 21504K, 12% used [0x00000000b9800000,0x00000000b9aaf858,0x00000000bad00000)
}
Event: 5,779 GC heap before
{Heap before GC invocations=16 (full 6):
 PSYoungGen      total 203264K, used 148888K [0x00000000ebf00000, 0x0000000100000000, 0x0000000100000000)
  eden space 93696K, 100% used [0x00000000ebf00000,0x00000000f1a80000,0x00000000f1a80000)
  from space 109568K, 50% used [0x00000000f1a80000,0x00000000f5066230,0x00000000f8580000)
  to   space 109568K, 0% used [0x00000000f9500000,0x00000000f9500000,0x0000000100000000)
 ParOldGen       total 499712K, used 359350K [0x00000000c3e00000, 0x00000000e2600000, 0x00000000ebf00000)
  object space 499712K, 71% used [0x00000000c3e00000,0x00000000d9cedae8,0x00000000e2600000)
 PSPermGen       total 21504K, used 2750K [0x00000000b9800000, 0x00000000bad00000, 0x00000000c3e00000)
  object space 21504K, 12% used [0x00000000b9800000,0x00000000b9aaf858,0x00000000bad00000)
Event: 5,854 GC heap after
Heap after GC invocations=16 (full 6):
 PSYoungGen      total 219136K, used 109568K [0x00000000ebf00000, 0x0000000100000000, 0x0000000100000000)
  eden space 109568K, 0% used [0x00000000ebf00000,0x00000000ebf00000,0x00000000f2a00000)
  from space 109568K, 100% used [0x00000000f9500000,0x0000000100000000,0x0000000100000000)
  to   space 109568K, 0% used [0x00000000f2a00000,0x00000000f2a00000,0x00000000f9500000)
 ParOldGen       total 499712K, used 401526K [0x00000000c3e00000, 0x00000000e2600000, 0x00000000ebf00000)
  object space 499712K, 80% used [0x00000000c3e00000,0x00000000dc61dae8,0x00000000e2600000)
 PSPermGen       total 21504K, used 2750K [0x00000000b9800000, 0x00000000bad00000, 0x00000000c3e00000)
  object space 21504K, 12% used [0x00000000b9800000,0x00000000b9aaf858,0x00000000bad00000)
}
Event: 5,880 GC heap before
{Heap before GC invocations=17 (full 6):
 PSYoungGen      total 219136K, used 219136K [0x00000000ebf00000, 0x0000000100000000, 0x0000000100000000)
  eden space 109568K, 100% used [0x00000000ebf00000,0x00000000f2a00000,0x00000000f2a00000)
  from space 109568K, 100% used [0x00000000f9500000,0x0000000100000000,0x0000000100000000)
  to   space 109568K, 0% used [0x00000000f2a00000,0x00000000f2a00000,0x00000000f9500000)
 ParOldGen       total 499712K, used 401526K [0x00000000c3e00000, 0x00000000e2600000, 0x00000000ebf00000)
  object space 499712K, 80% used [0x00000000c3e00000,0x00000000dc61dae8,0x00000000e2600000)
 PSPermGen       total 21504K, used 2750K [0x00000000b9800000, 0x00000000bad00000, 0x00000000c3e00000)
  object space 21504K, 12% used [0x00000000b9800000,0x00000000b9aaf858,0x00000000bad00000)
Event: 5,975 GC heap after
Heap after GC invocations=17 (full 6):
 PSYoungGen      total 219136K, used 109568K [0x00000000ebf00000, 0x0000000100000000, 0x0000000100000000)
  eden space 109568K, 0% used [0x00000000ebf00000,0x00000000ebf00000,0x00000000f2a00000)
  from space 109568K, 100% used [0x00000000f2a00000,0x00000000f9500000,0x00000000f9500000)
  to   space 109568K, 0% used [0x00000000f9500000,0x00000000f9500000,0x0000000100000000)
 ParOldGen       total 513536K, used 513110K [0x00000000c3e00000, 0x00000000e3380000, 0x00000000ebf00000)
  object space 513536K, 99% used [0x00000000c3e00000,0x00000000e3315ae8,0x00000000e3380000)
 PSPermGen       total 21504K, used 2750K [0x00000000b9800000, 0x00000000bad00000, 0x00000000c3e00000)
  object space 21504K, 12% used [0x00000000b9800000,0x00000000b9aaf858,0x00000000bad00000)
}
Event: 5,975 GC heap before
{Heap before GC invocations=18 (full 7):
 PSYoungGen      total 219136K, used 109568K [0x00000000ebf00000, 0x0000000100000000, 0x0000000100000000)
  eden space 109568K, 0% used [0x00000000ebf00000,0x00000000ebf00000,0x00000000f2a00000)
  from space 109568K, 100% used [0x00000000f2a00000,0x00000000f9500000,0x00000000f9500000)
  to   space 109568K, 0% used [0x00000000f9500000,0x00000000f9500000,0x0000000100000000)
 ParOldGen       total 513536K, used 513110K [0x00000000c3e00000, 0x00000000e3380000, 0x00000000ebf00000)
  object space 513536K, 99% used [0x00000000c3e00000,0x00000000e3315ae8,0x00000000e3380000)
 PSPermGen       total 21504K, used 2750K [0x00000000b9800000, 0x00000000bad00000, 0x00000000c3e00000)
  object space 21504K, 12% used [0x00000000b9800000,0x00000000b9aaf858,0x00000000bad00000)

